2025-03-18 03:05:49,670:LoginPage:INFO:-------TC01 verifying homepage title-------
2025-03-18 03:05:51,263:LoginPage:INFO:------getting title=Welcome: Mercury Tours
2025-03-18 03:05:51,379:LoginPage:INFO:----successful homepage title---
2025-03-18 03:05:55,664:LoginPage:INFO:-------TC02 Login page validation-------
2025-03-18 03:05:55,664:LoginPage:INFO:Verifying Login Page
2025-03-18 03:05:56,511:LoginPage:INFO:------providing username -----
2025-03-18 03:05:56,675:LoginPage:INFO:------providing password -----
2025-03-18 03:05:57,326:LoginPage:INFO:------getting title=Welcome: Mercury Tours
2025-03-18 03:05:57,482:LoginPage:INFO:----successful Login page title---
2025-03-18 03:08:44,699:LoginPage:INFO:-------TC01 verifying homepage title-------
2025-03-18 03:08:46,589:LoginPage:INFO:------getting title=Welcome: Mercury Tours
2025-03-18 03:08:46,717:LoginPage:INFO:----successful homepage title---
2025-03-18 03:08:50,717:LoginPage:INFO:-------TC02 Login page validation-------
2025-03-18 03:08:50,718:LoginPage:INFO:Verifying Login Page
2025-03-18 03:08:51,753:LoginPage:INFO:------providing username -----
2025-03-18 03:08:51,906:LoginPage:INFO:------providing password -----
2025-03-18 03:08:52,602:LoginPage:INFO:------getting title=Welcome: Mercury Tours
2025-03-18 03:08:52,737:LoginPage:INFO:----successful Login page title---
2025-03-18 03:09:40,774:LoginPage:INFO:-------TC01 verifying homepage title-------
2025-03-18 03:09:41,703:LoginPage:INFO:------getting title=Welcome: Mercury Tours
2025-03-18 03:09:41,833:LoginPage:INFO:----successful homepage title---
2025-03-18 03:10:08,068:LoginPage:INFO:-------TC01 verifying homepage title-------
2025-03-18 03:10:09,023:LoginPage:INFO:------getting title=Welcome: Mercury Tours
2025-03-18 03:10:09,153:LoginPage:INFO:----successful homepage title---
2025-03-18 04:50:54,571:LoginPage:INFO:-------TC01 verifying homepage title-------
2025-03-18 04:50:55,534:LoginPage:INFO:------getting title=Welcome: Mercury Tours
2025-03-18 04:50:55,735:LoginPage:INFO:----successful homepage title---
2025-03-18 04:51:00,216:LoginPage:INFO:-------TC02 Login page validation-------
2025-03-18 04:51:00,225:LoginPage:INFO:Verifying Login Page
2025-03-18 04:51:01,196:LoginPage:INFO:------providing username -----
2025-03-18 04:51:01,367:LoginPage:INFO:------providing password -----
2025-03-18 04:51:02,066:LoginPage:INFO:------getting title=Welcome: Mercury Tours
2025-03-18 04:51:02,286:LoginPage:INFO:----successful Login page title---
2025-03-18 05:32:11,100:LoginPage:INFO:-------TC01 verifying homepage title-------
2025-03-18 05:32:12,119:LoginPage:INFO:------getting title=Welcome: Mercury Tours
2025-03-18 05:32:12,252:LoginPage:INFO:----successful homepage title---
2025-03-18 05:32:16,726:LoginPage:INFO:-------TC02 Login page validation-------
2025-03-18 05:32:16,726:LoginPage:INFO:Verifying Login Page
2025-03-18 05:32:17,544:LoginPage:INFO:------providing username -----
2025-03-18 05:32:17,708:LoginPage:INFO:------providing password -----
2025-03-18 05:32:18,270:LoginPage:INFO:------getting title=Welcome: Mercury Tours
2025-03-18 05:32:18,383:LoginPage:INFO:----successful Login page title---
2025-03-18 06:27:21,918:LoginPage:INFO:-------TC01 verifying homepage title-------
2025-03-18 06:27:22,763:LoginPage:INFO:------getting title=Welcome: Mercury Tours
2025-03-18 06:27:22,907:LoginPage:INFO:----successful homepage title---
2025-03-18 06:27:26,908:LoginPage:INFO:-------TC02 Login page validation-------
2025-03-18 06:27:26,908:LoginPage:INFO:Verifying Login Page
2025-03-18 06:27:27,797:LoginPage:INFO:------providing username -----
2025-03-18 06:27:27,944:LoginPage:INFO:------providing password -----
2025-03-18 06:27:28,539:LoginPage:INFO:------getting title=Welcome: Mercury Tours
2025-03-18 06:27:28,654:LoginPage:INFO:----successful Login page title---
2025-03-18 06:28:12,996:LoginPage:INFO:-------TC01 verifying homepage title-------
2025-03-18 06:28:13,950:LoginPage:INFO:------getting title=Welcome: Mercury Tours
2025-03-18 06:28:14,127:LoginPage:INFO:----successful homepage title---
2025-03-18 06:28:18,284:LoginPage:INFO:-------TC02 Login page validation-------
2025-03-18 06:28:18,285:LoginPage:INFO:Verifying Login Page
2025-03-18 06:28:19,147:LoginPage:INFO:------providing username -----
2025-03-18 06:28:19,313:LoginPage:INFO:------providing password -----
2025-03-18 06:28:19,895:LoginPage:INFO:------getting title=Welcome: Mercury Tours
2025-03-18 06:28:20,024:LoginPage:INFO:----successful Login page title---
2025-03-18 06:32:24,127:LoginPage:INFO:-------TC01 verifying homepage title-------
2025-03-18 06:32:25,029:LoginPage:INFO:------getting title=Welcome: Mercury Tours
2025-03-18 06:32:25,161:LoginPage:INFO:----successful homepage title---
2025-03-18 06:32:29,002:LoginPage:INFO:-------TC02 Login page validation-------
2025-03-18 06:32:29,002:LoginPage:INFO:Verifying Login Page
2025-03-18 06:32:29,916:LoginPage:INFO:------providing username -----
2025-03-18 06:32:30,083:LoginPage:INFO:------providing password -----
2025-03-18 06:32:30,644:LoginPage:INFO:------getting title=Welcome: Mercury Tours
2025-03-18 06:32:30,759:LoginPage:INFO:----successful Login page title---
